Removed Pin From Net: NetName=VCC3.3 Pin=U1-4
Added Room: Name=PC-104 16 bit bus
Removed Pin From Net: NetName=PORT1 Pin=D1-2
Added Pin To Net: NetName=PORT21 Pin=D1-2
Removed Pin From Net: NetName=PORT2 Pin=D2-2
Added Pin To Net: NetName=PORT22 Pin=D2-2
Removed Pin From Net: NetName=PORT3 Pin=D3-2
Added Pin To Net: NetName=PORT23 Pin=D3-2
Removed Pin From Net: NetName=PORT4 Pin=D4-2
Added Pin To Net: NetName=PORT24 Pin=D4-2
Removed Pin From Net: NetName=PORT1 Pin=U2-1
Added Pin To Net: NetName=MEMCS16 Pin=U2-1
Removed Pin From Net: NetName=PORT2 Pin=U2-2
Added Pin To Net: NetName=SBHE Pin=U2-2
Removed Pin From Net: NetName=PORT3 Pin=U2-3
Added Pin To Net: NetName=IOCS16 Pin=U2-3
Removed Pin From Net: NetName=PORT4 Pin=U2-4
Added Pin To Net: NetName=MEMR Pin=U2-4
Removed Pin From Net: NetName=PORT5 Pin=U2-5
Added Pin To Net: NetName=MEMW Pin=U2-5
Removed Pin From Net: NetName=PORT6 Pin=U2-6
Added Pin To Net: NetName=SD8 Pin=U2-6
Removed Pin From Net: NetName=PORT7 Pin=U2-7
Added Pin To Net: NetName=SD9 Pin=U2-7
Removed Pin From Net: NetName=PORT8 Pin=U2-8
Added Pin To Net: NetName=SD10 Pin=U2-8
Removed Pin From Net: NetName=PORT9 Pin=U2-11
Added Pin To Net: NetName=SD11 Pin=U2-11
Removed Pin From Net: NetName=PORT10 Pin=U2-12
Added Pin To Net: NetName=SD12 Pin=U2-12
Removed Pin From Net: NetName=PORT11 Pin=U2-13
Added Pin To Net: NetName=SD13 Pin=U2-13
Removed Pin From Net: NetName=PORT12 Pin=U2-14
Added Pin To Net: NetName=SD14 Pin=U2-14
Removed Pin From Net: NetName=PORT13 Pin=U2-15
Added Pin To Net: NetName=SD15 Pin=U2-15
Removed Pin From Net: NetName=PORT14 Pin=U2-16
Added Pin To Net: NetName=IRQ10 Pin=U2-16
Removed Pin From Net: NetName=IOCHK Pin=U2-73
Added Pin To Net: NetName=PORT1 Pin=U2-73
Removed Pin From Net: NetName=SD7 Pin=U2-74
Added Pin To Net: NetName=PORT2 Pin=U2-74
Removed Pin From Net: NetName=BUS_RESET Pin=U2-75
Added Pin To Net: NetName=PORT3 Pin=U2-75
Removed Pin From Net: NetName=SD6 Pin=U2-76
Added Pin To Net: NetName=PORT4 Pin=U2-76
Removed Pin From Net: NetName=SD5 Pin=U2-77
Added Pin To Net: NetName=PORT5 Pin=U2-77
Removed Pin From Net: NetName=IRQ9 Pin=U2-78
Added Pin To Net: NetName=PORT6 Pin=U2-78
Removed Pin From Net: NetName=SD4 Pin=U2-79
Added Pin To Net: NetName=PORT7 Pin=U2-79
Removed Pin From Net: NetName=SD3 Pin=U2-80
Added Pin To Net: NetName=PORT8 Pin=U2-80
Removed Pin From Net: NetName=SD2 Pin=U2-81
Added Pin To Net: NetName=PORT9 Pin=U2-81
Removed Pin From Net: NetName=SD1 Pin=U2-84
Added Pin To Net: NetName=PORT10 Pin=U2-84
Removed Pin From Net: NetName=SRDY Pin=U2-85
Added Pin To Net: NetName=PORT11 Pin=U2-85
Removed Pin From Net: NetName=SD0 Pin=U2-86
Added Pin To Net: NetName=PORT12 Pin=U2-86
Removed Pin From Net: NetName=IOCHRDY Pin=U2-87
Added Pin To Net: NetName=PORT13 Pin=U2-87
Removed Pin From Net: NetName=AEN Pin=U2-88
Added Pin To Net: NetName=PORT14 Pin=U2-88
Removed Pin From Net: NetName=SMEMW Pin=U2-93
Added Pin To Net: NetName=IOCHK Pin=U2-93
Removed Pin From Net: NetName=SA19 Pin=U2-94
Added Pin To Net: NetName=SD7 Pin=U2-94
Removed Pin From Net: NetName=SMEMR Pin=U2-95
Added Pin To Net: NetName=BUS_RESET Pin=U2-95
Removed Pin From Net: NetName=SA18 Pin=U2-96
Added Pin To Net: NetName=SD6 Pin=U2-96
Removed Pin From Net: NetName=BUS_IOW Pin=U2-97
Added Pin To Net: NetName=IRQ9 Pin=U2-97
Removed Pin From Net: NetName=SA17 Pin=U2-98
Added Pin To Net: NetName=SD5 Pin=U2-98
Removed Pin From Net: NetName=BUS_IOR Pin=U2-101
Added Pin To Net: NetName=SD4 Pin=U2-101
Removed Pin From Net: NetName=SA16 Pin=U2-102
Added Pin To Net: NetName=SD3 Pin=U2-102
Removed Pin From Net: NetName=SA15 Pin=U2-103
Added Pin To Net: NetName=SD2 Pin=U2-103
Removed Pin From Net: NetName=SA14 Pin=U2-104
Added Pin To Net: NetName=SD1 Pin=U2-104
Removed Pin From Net: NetName=SA13 Pin=U2-105
Added Pin To Net: NetName=SRDY Pin=U2-105
Removed Pin From Net: NetName=SA12 Pin=U2-106
Added Pin To Net: NetName=SD0 Pin=U2-106
Removed Pin From Net: NetName=REFRESH Pin=U2-107
Added Pin To Net: NetName=IOCHRDY Pin=U2-107
Removed Pin From Net: NetName=SA11 Pin=U2-108
Added Pin To Net: NetName=AEN Pin=U2-108
Removed Pin From Net: NetName=SA10 Pin=U2-109
Added Pin To Net: NetName=SMEMW Pin=U2-109
Removed Pin From Net: NetName=IRQ7 Pin=U2-110
Added Pin To Net: NetName=SA19 Pin=U2-110
Removed Pin From Net: NetName=SA9 Pin=U2-111
Added Pin To Net: NetName=SMEMR Pin=U2-111
Removed Pin From Net: NetName=IRQ6 Pin=U2-112
Added Pin To Net: NetName=SA18 Pin=U2-112
Removed Pin From Net: NetName=SA8 Pin=U2-113
Added Pin To Net: NetName=BUS_IOW Pin=U2-113
Removed Pin From Net: NetName=IRQ5 Pin=U2-114
Added Pin To Net: NetName=SA17 Pin=U2-114
Removed Pin From Net: NetName=SA7 Pin=U2-117
Added Pin To Net: NetName=BUS_IOR Pin=U2-117
Removed Pin From Net: NetName=IRQ4 Pin=U2-118
Added Pin To Net: NetName=SA16 Pin=U2-118
Removed Pin From Net: NetName=SA6 Pin=U2-119
Added Pin To Net: NetName=SA15 Pin=U2-119
Removed Pin From Net: NetName=IRQ3 Pin=U2-120
Added Pin To Net: NetName=SA14 Pin=U2-120
Removed Pin From Net: NetName=SA5 Pin=U2-121
Added Pin To Net: NetName=SA13 Pin=U2-121
Removed Pin From Net: NetName=SA4 Pin=U2-122
Added Pin To Net: NetName=SA12 Pin=U2-122
Removed Pin From Net: NetName=SA3 Pin=U2-123
Added Pin To Net: NetName=REFRESH Pin=U2-123
Removed Pin From Net: NetName=SA2 Pin=U2-124
Added Pin To Net: NetName=SA11 Pin=U2-124
Removed Pin From Net: NetName=SA1 Pin=U2-125
Added Pin To Net: NetName=SA10 Pin=U2-125
Removed Pin From Net: NetName=SA0 Pin=U2-127
Added Pin To Net: NetName=IRQ7 Pin=U2-127
Removed Pin From Net: NetName=MEMCS16 Pin=U2-129
Added Pin To Net: NetName=SA9 Pin=U2-129
Removed Pin From Net: NetName=SBHE Pin=U2-130
Added Pin To Net: NetName=IRQ6 Pin=U2-130
Removed Pin From Net: NetName=IOCS16 Pin=U2-131
Added Pin To Net: NetName=SA8 Pin=U2-131
Removed Pin From Net: NetName=MEMR Pin=U2-132
Added Pin To Net: NetName=IRQ5 Pin=U2-132
Removed Pin From Net: NetName=MEMW Pin=U2-133
Added Pin To Net: NetName=SA7 Pin=U2-133
Removed Pin From Net: NetName=SD8 Pin=U2-134
Added Pin To Net: NetName=IRQ4 Pin=U2-134
Removed Pin From Net: NetName=SD9 Pin=U2-137
Added Pin To Net: NetName=SA6 Pin=U2-137
Removed Pin From Net: NetName=SD10 Pin=U2-138
Added Pin To Net: NetName=IRQ3 Pin=U2-138
Removed Pin From Net: NetName=SD11 Pin=U2-139
Added Pin To Net: NetName=SA5 Pin=U2-139
Removed Pin From Net: NetName=SD12 Pin=U2-140
Added Pin To Net: NetName=SA4 Pin=U2-140
Removed Pin From Net: NetName=SD13 Pin=U2-141
Added Pin To Net: NetName=SA3 Pin=U2-141
Removed Pin From Net: NetName=SD14 Pin=U2-142
Added Pin To Net: NetName=SA2 Pin=U2-142
Removed Pin From Net: NetName=SD15 Pin=U2-143
Added Pin To Net: NetName=SA1 Pin=U2-143
Removed Pin From Net: NetName=IRQ10 Pin=U2-144
Added Pin To Net: NetName=SA0 Pin=U2-144
