Added Pin To Net: NetName=GND Pin=P1-16
Added Pin To Net: NetName=GND Pin=P1-18
Added Room: Name=PC-104 16 bit bus
Removed Pin From Net: NetName=SD7 Pin=S3-2
Removed Pin From Net: NetName=SD7 Pin=S3-2
Added Pin To Net: NetName=PORT2 Pin=S3-2
Added Pin To Net: NetName=PORT2 Pin=S3-2
Removed Pin From Net: NetName=IOCHK Pin=S4-2
Removed Pin From Net: NetName=IOCHK Pin=S4-2
Added Pin To Net: NetName=PORT1 Pin=S4-2
Added Pin To Net: NetName=PORT1 Pin=S4-2
Removed Pin From Net: NetName=BUS_RESET Pin=S5-2
Removed Pin From Net: NetName=BUS_RESET Pin=S5-2
Added Pin To Net: NetName=PORT3 Pin=S5-2
Added Pin To Net: NetName=PORT3 Pin=S5-2
Removed Pin From Net: NetName=SD6 Pin=S6-2
Removed Pin From Net: NetName=SD6 Pin=S6-2
Added Pin To Net: NetName=PORT4 Pin=S6-2
Added Pin To Net: NetName=PORT4 Pin=S6-2
Removed Pin From Net: NetName=IRQ10 Pin=U2-4
Added Pin To Net: NetName=MEMR Pin=U2-4
Removed Pin From Net: NetName=MEMR Pin=U2-5
Added Pin To Net: NetName=MEMW Pin=U2-5
Removed Pin From Net: NetName=MEMW Pin=U2-6
Added Pin To Net: NetName=SD8 Pin=U2-6
Removed Pin From Net: NetName=SD8 Pin=U2-7
Added Pin To Net: NetName=SD9 Pin=U2-7
Removed Pin From Net: NetName=SD9 Pin=U2-8
Added Pin To Net: NetName=SD10 Pin=U2-8
Removed Pin From Net: NetName=SD10 Pin=U2-11
Added Pin To Net: NetName=SD11 Pin=U2-11
Removed Pin From Net: NetName=SD11 Pin=U2-12
Added Pin To Net: NetName=SD12 Pin=U2-12
Removed Pin From Net: NetName=SD12 Pin=U2-13
Added Pin To Net: NetName=SD13 Pin=U2-13
Removed Pin From Net: NetName=SD13 Pin=U2-14
Added Pin To Net: NetName=SD14 Pin=U2-14
Removed Pin From Net: NetName=SD14 Pin=U2-15
Added Pin To Net: NetName=SD15 Pin=U2-15
Removed Pin From Net: NetName=SD15 Pin=U2-16
Added Pin To Net: NetName=IRQ10 Pin=U2-16
