Change Component Comment : Designator=J1 Old Comment= New Comment=PC104AB
Change Component Comment : Designator=J2 Old Comment= New Comment=PC104CD
Added Component: Designator=C1(1608[0603])
Added Component: Designator=C2(1608[0603])
Added Component: Designator=C3(1608[0603])
Added Component: Designator=C4(1608[0603])
Added Component: Designator=C5(1608[0603])
Added Component: Designator=C6(1608[0603])
Added Component: Designator=C7(1608[0603])
Added Component: Designator=C8(1608[0603])
Added Component: Designator=C9(1608[0603])
Added Component: Designator=C10(1608[0603])
Added Component: Designator=C11(1608[0603])
Added Component: Designator=C12(1608[0603])
Added Component: Designator=C13(3216)
Added Component: Designator=C14(3216)
Added Component: Designator=C15(1608[0603])
Added Component: Designator=C16(1608[0603])
Added Component: Designator=C17(1608[0603])
Added Component: Designator=C18(1206)
Added Component: Designator=C19(1206)
Added Component: Designator=C20(1608[0603])
Added Component: Designator=C21(1608[0603])
Added Component: Designator=C22(1608[0603])
Added Component: Designator=C23(1608[0603])
Added Component: Designator=C24(1608[0603])
Added Component: Designator=C25(1608[0603])
Added Component: Designator=C26(1608[0603])
Added Component: Designator=C27(1608[0603])
Added Component: Designator=C28(1206)
Added Component: Designator=C29(1206)
Added Component: Designator=C30(1206)
Added Component: Designator=D1(LED-3)
Added Component: Designator=D2(LED-3)
Added Component: Designator=D3(LED-3)
Added Component: Designator=D4(LED-3)
Added Component: Designator=D5(LED-3)
Added Component: Designator=Ind1(0805)
Added Component: Designator=Ind2(0805)
Added Component: Designator=Ind3(0805)
Added Component: Designator=P1(HDR2X13H)
Added Component: Designator=P2(HDR2X2)
Added Component: Designator=P3(HDR2X5)
Added Component: Designator=R1(0603)
Added Component: Designator=R2(1608[0603])
Added Component: Designator=R3(1608[0603])
Added Component: Designator=R4(1608[0603])
Added Component: Designator=R5(1608[0603])
Added Component: Designator=R6(2012[0805])
Added Component: Designator=R7(1608[0603])
Added Component: Designator=R8(1608[0603])
Added Component: Designator=R9(1608[0603])
Added Component: Designator=R10(1608[0603])
Added Component: Designator=R11(1608[0603])
Added Component: Designator=R12(1608[0603])
Added Component: Designator=R13(1608[0603])
Added Component: Designator=R14(1608[0603])
Added Component: Designator=R15(1608[0603])
Added Component: Designator=R16(1608[0603])
Added Component: Designator=R17(1608[0603])
Added Component: Designator=R18(1608[0603])
Added Component: Designator=R19(1608[0603])
Added Component: Designator=R20(1608[0603])
Added Component: Designator=R21(1608[0603])
Added Component: Designator=S1(SW-6-6)
Added Component: Designator=S2(SW-6-6)
Added Component: Designator=S3(SW-6-6)
Added Component: Designator=S4(SW-6-6)
Added Component: Designator=U1(SOT223)
Added Component: Designator=U2(TQFP144_N)
Added Component: Designator=U3(O56)
Added Component: Designator=U4(SO-8)
Added Component: Designator=U5(OSC20M)
Added Component: Designator=USB1(USB-SQUARE)
Added Component: Designator=Y1(XTAL)
Added Pin To Net: NetName=+5V Pin=J1-B3
Added Pin To Net: NetName=+5V Pin=J1-B29
Added Pin To Net: NetName=+5V Pin=P2-1
Added Net: Name=+5V
Added Pin To Net: NetName=AEN Pin=J1-A11
Added Pin To Net: NetName=AEN Pin=U2-129
Added Net: Name=AEN
Added Pin To Net: NetName=AUSBGND Pin=C20-2
Added Pin To Net: NetName=AUSBGND Pin=C28-2
Added Pin To Net: NetName=AUSBGND Pin=Ind3-2
Added Pin To Net: NetName=AUSBGND Pin=U3-13
Added Pin To Net: NetName=AUSBGND Pin=U3-17
Added Net: Name=AUSBGND
Added Pin To Net: NetName=AVCC3.3 Pin=C20-1
Added Pin To Net: NetName=AVCC3.3 Pin=C28-1
Added Pin To Net: NetName=AVCC3.3 Pin=Ind2-2
Added Pin To Net: NetName=AVCC3.3 Pin=U3-10
Added Pin To Net: NetName=AVCC3.3 Pin=U3-14
Added Net: Name=AVCC3.3
Added Pin To Net: NetName=BALE Pin=J1-B28
Added Net: Name=BALE
Added Pin To Net: NetName=BCLK Pin=J1-B20
Added Pin To Net: NetName=BCLK Pin=U2-89
Added Net: Name=BCLK
Added Pin To Net: NetName=BUS_IOR Pin=J1-B14
Added Pin To Net: NetName=BUS_IOR Pin=U2-120
Added Net: Name=BUS_IOR
Added Pin To Net: NetName=BUS_IOW Pin=J1-B13
Added Pin To Net: NetName=BUS_IOW Pin=U2-122
Added Net: Name=BUS_IOW
Added Pin To Net: NetName=BUS_OSC Pin=J1-B30
Added Pin To Net: NetName=BUS_OSC Pin=U2-91
Added Net: Name=BUS_OSC
Added Pin To Net: NetName=BUS_RESET Pin=J1-B2
Added Pin To Net: NetName=BUS_RESET Pin=U2-142
Added Net: Name=BUS_RESET
Added Pin To Net: NetName=CLK_OUT Pin=U2-18
Added Pin To Net: NetName=CLK_OUT Pin=U3-5
Added Net: Name=CLK_OUT
Added Pin To Net: NetName=CPLD_CLK Pin=R21-2
Added Pin To Net: NetName=CPLD_CLK Pin=U2-20
Added Net: Name=CPLD_CLK
Added Pin To Net: NetName=CTL0 Pin=U2-61
Added Pin To Net: NetName=CTL0 Pin=U3-36
Added Net: Name=CTL0
Added Pin To Net: NetName=CTL1 Pin=U2-60
Added Pin To Net: NetName=CTL1 Pin=U3-37
Added Net: Name=CTL1
Added Pin To Net: NetName=CTL2 Pin=U2-59
Added Pin To Net: NetName=CTL2 Pin=U3-38
Added Net: Name=CTL2
Added Pin To Net: NetName=DGND Pin=C1-1
Added Pin To Net: NetName=DGND Pin=C2-1
Added Pin To Net: NetName=DGND Pin=C3-1
Added Pin To Net: NetName=DGND Pin=C4-1
Added Pin To Net: NetName=DGND Pin=C5-1
Added Pin To Net: NetName=DGND Pin=C6-1
Added Pin To Net: NetName=DGND Pin=C7-1
Added Pin To Net: NetName=DGND Pin=C8-1
Added Pin To Net: NetName=DGND Pin=C9-1
Added Pin To Net: NetName=DGND Pin=C10-1
Added Pin To Net: NetName=DGND Pin=C11-2
Added Pin To Net: NetName=DGND Pin=C12-2
Added Pin To Net: NetName=DGND Pin=C13-2
Added Pin To Net: NetName=DGND Pin=C14-2
Added Pin To Net: NetName=DGND Pin=C15-2
Added Pin To Net: NetName=DGND Pin=C16-2
Added Pin To Net: NetName=DGND Pin=C17-2
Added Pin To Net: NetName=DGND Pin=C18-2
Added Pin To Net: NetName=DGND Pin=C19-2
Added Pin To Net: NetName=DGND Pin=C21-1
Added Pin To Net: NetName=DGND Pin=C22-1
Added Pin To Net: NetName=DGND Pin=C23-1
Added Pin To Net: NetName=DGND Pin=C24-1
Added Pin To Net: NetName=DGND Pin=C25-1
Added Pin To Net: NetName=DGND Pin=C26-1
Added Pin To Net: NetName=DGND Pin=C27-1
Added Pin To Net: NetName=DGND Pin=C29-2
Added Pin To Net: NetName=DGND Pin=C30-2
Added Pin To Net: NetName=DGND Pin=D5-1
Added Pin To Net: NetName=DGND Pin=Ind1-2
Added Pin To Net: NetName=DGND Pin=Ind3-1
Added Pin To Net: NetName=DGND Pin=P3-2
Added Pin To Net: NetName=DGND Pin=P3-10
Added Pin To Net: NetName=DGND Pin=R1-1
Added Pin To Net: NetName=DGND Pin=R9-2
Added Pin To Net: NetName=DGND Pin=R11-2
Added Pin To Net: NetName=DGND Pin=R19-2
Added Pin To Net: NetName=DGND Pin=S1-1
Added Pin To Net: NetName=DGND Pin=S1-1
Added Pin To Net: NetName=DGND Pin=S2-1
Added Pin To Net: NetName=DGND Pin=S2-1
Added Pin To Net: NetName=DGND Pin=S3-1
Added Pin To Net: NetName=DGND Pin=S3-1
Added Pin To Net: NetName=DGND Pin=S4-1
Added Pin To Net: NetName=DGND Pin=S4-1
Added Pin To Net: NetName=DGND Pin=U1-1
Added Pin To Net: NetName=DGND Pin=U2-10
Added Pin To Net: NetName=DGND Pin=U2-17
Added Pin To Net: NetName=DGND Pin=U2-26
Added Pin To Net: NetName=DGND Pin=U2-47
Added Pin To Net: NetName=DGND Pin=U2-54
Added Pin To Net: NetName=DGND Pin=U2-65
Added Pin To Net: NetName=DGND Pin=U2-83
Added Pin To Net: NetName=DGND Pin=U2-92
Added Pin To Net: NetName=DGND Pin=U2-99
Added Pin To Net: NetName=DGND Pin=U2-115
Added Pin To Net: NetName=DGND Pin=U2-128
Added Pin To Net: NetName=DGND Pin=U2-135
Added Pin To Net: NetName=DGND Pin=U3-4
Added Pin To Net: NetName=DGND Pin=U3-7
Added Pin To Net: NetName=DGND Pin=U3-19
Added Pin To Net: NetName=DGND Pin=U3-33
Added Pin To Net: NetName=DGND Pin=U3-35
Added Pin To Net: NetName=DGND Pin=U3-48
Added Pin To Net: NetName=DGND Pin=U4-2
Added Pin To Net: NetName=DGND Pin=U4-3
Added Pin To Net: NetName=DGND Pin=U4-4
Added Pin To Net: NetName=DGND Pin=U5-2
Added Net: Name=DGND
Added Pin To Net: NetName=G_TCK Pin=P3-1
Added Pin To Net: NetName=G_TCK Pin=R19-1
Added Pin To Net: NetName=G_TCK Pin=U2-35
Added Net: Name=G_TCK
Added Pin To Net: NetName=G_TDI Pin=P3-9
Added Pin To Net: NetName=G_TDI Pin=R17-1
Added Pin To Net: NetName=G_TDI Pin=U2-34
Added Net: Name=G_TDI
Added Pin To Net: NetName=G_TDO Pin=P3-3
Added Pin To Net: NetName=G_TDO Pin=R18-1
Added Pin To Net: NetName=G_TDO Pin=U2-36
Added Net: Name=G_TDO
Added Pin To Net: NetName=G_TMS Pin=P3-5
Added Pin To Net: NetName=G_TMS Pin=R16-1
Added Pin To Net: NetName=G_TMS Pin=U2-33
Added Net: Name=G_TMS
Added Pin To Net: NetName=GND Pin=J1-A32
Added Pin To Net: NetName=GND Pin=J1-B1
Added Pin To Net: NetName=GND Pin=J1-B31
Added Pin To Net: NetName=GND Pin=J1-B32
Added Pin To Net: NetName=GND Pin=J2-C0
Added Pin To Net: NetName=GND Pin=J2-C18
Added Pin To Net: NetName=GND Pin=J2-C19
Added Pin To Net: NetName=GND Pin=J2-D0
Added Pin To Net: NetName=GND Pin=P1-26
Added Pin To Net: NetName=GND Pin=P2-4
Added Net: Name=GND
Added Pin To Net: NetName=IFCLK Pin=U2-72
Added Pin To Net: NetName=IFCLK Pin=U3-20
Added Net: Name=IFCLK
Added Pin To Net: NetName=IOCHK Pin=J1-A1
Added Pin To Net: NetName=IOCHK Pin=U2-144
Added Net: Name=IOCHK
Added Pin To Net: NetName=IOCHRDY Pin=J1-A10
Added Pin To Net: NetName=IOCHRDY Pin=U2-130
Added Net: Name=IOCHRDY
Added Pin To Net: NetName=IOCS16 Pin=J2-C2
Added Pin To Net: NetName=IOCS16 Pin=U2-86
Added Net: Name=IOCS16
Added Pin To Net: NetName=IRQ3 Pin=J1-B25
Added Pin To Net: NetName=IRQ3 Pin=U2-101
Added Net: Name=IRQ3
Added Pin To Net: NetName=IRQ4 Pin=J1-B24
Added Pin To Net: NetName=IRQ4 Pin=U2-103
Added Net: Name=IRQ4
Added Pin To Net: NetName=IRQ5 Pin=J1-B23
Added Pin To Net: NetName=IRQ5 Pin=U2-105
Added Net: Name=IRQ5
Added Pin To Net: NetName=IRQ6 Pin=J1-B22
Added Pin To Net: NetName=IRQ6 Pin=U2-107
Added Net: Name=IRQ6
Added Pin To Net: NetName=IRQ7 Pin=J1-B21
Added Pin To Net: NetName=IRQ7 Pin=U2-109
Added Net: Name=IRQ7
Added Pin To Net: NetName=IRQ9 Pin=J1-B4
Added Pin To Net: NetName=IRQ9 Pin=U2-140
Added Net: Name=IRQ9
Added Pin To Net: NetName=IRQ10 Pin=J2-C3
Added Pin To Net: NetName=IRQ10 Pin=U2-73
Added Net: Name=IRQ10
Added Pin To Net: NetName=KEY1 Pin=C30-1
Added Pin To Net: NetName=KEY1 Pin=R15-1
Added Pin To Net: NetName=KEY1 Pin=S4-2
Added Pin To Net: NetName=KEY1 Pin=S4-2
Added Net: Name=KEY1
Added Pin To Net: NetName=KEY2 Pin=C29-1
Added Pin To Net: NetName=KEY2 Pin=R14-1
Added Pin To Net: NetName=KEY2 Pin=S3-2
Added Pin To Net: NetName=KEY2 Pin=S3-2
Added Net: Name=KEY2
Added Pin To Net: NetName=LED_SEL Pin=P2-3
Added Pin To Net: NetName=LED_SEL Pin=R2-2
Added Pin To Net: NetName=LED_SEL Pin=R3-2
Added Pin To Net: NetName=LED_SEL Pin=R4-2
Added Pin To Net: NetName=LED_SEL Pin=R5-2
Added Net: Name=LED_SEL
Added Pin To Net: NetName=MEMCS16 Pin=J2-C1
Added Pin To Net: NetName=MEMCS16 Pin=U2-88
Added Net: Name=MEMCS16
Added Pin To Net: NetName=MEMR Pin=J2-D9
Added Pin To Net: NetName=MEMR Pin=U2-85
Added Net: Name=MEMR
Added Pin To Net: NetName=MEMW Pin=J2-D10
Added Pin To Net: NetName=MEMW Pin=U2-84
Added Net: Name=MEMW
Added Pin To Net: NetName=NetC16_1 Pin=C16-1
Added Pin To Net: NetName=NetC16_1 Pin=U3-12
Added Pin To Net: NetName=NetC16_1 Pin=Y1-1
Added Net: Name=NetC16_1
Added Pin To Net: NetName=NetC17_1 Pin=C17-1
Added Pin To Net: NetName=NetC17_1 Pin=U3-11
Added Pin To Net: NetName=NetC17_1 Pin=Y1-2
Added Net: Name=NetC17_1
Added Pin To Net: NetName=NetD1_1 Pin=D1-1
Added Pin To Net: NetName=NetD1_1 Pin=R2-1
Added Net: Name=NetD1_1
Added Pin To Net: NetName=NetD2_1 Pin=D2-1
Added Pin To Net: NetName=NetD2_1 Pin=R3-1
Added Net: Name=NetD2_1
Added Pin To Net: NetName=NetD3_1 Pin=D3-1
Added Pin To Net: NetName=NetD3_1 Pin=R4-1
Added Net: Name=NetD3_1
Added Pin To Net: NetName=NetD4_1 Pin=D4-1
Added Pin To Net: NetName=NetD4_1 Pin=R5-1
Added Net: Name=NetD4_1
Added Pin To Net: NetName=NetD5_2 Pin=D5-2
Added Pin To Net: NetName=NetD5_2 Pin=R6-1
Added Net: Name=NetD5_2
Added Pin To Net: NetName=NetP3_6 Pin=P3-6
Added Pin To Net: NetName=NetP3_6 Pin=R20-2
Added Net: Name=NetP3_6
Added Pin To Net: NetName=NetR9_1 Pin=R9-1
Added Pin To Net: NetName=NetR9_1 Pin=U3-21
Added Net: Name=NetR9_1
Added Pin To Net: NetName=NetR10_1 Pin=R10-1
Added Pin To Net: NetName=NetR10_1 Pin=R11-1
Added Pin To Net: NetName=NetR10_1 Pin=U4-1
Added Net: Name=NetR10_1
Added Pin To Net: NetName=NetR21_1 Pin=R21-1
Added Pin To Net: NetName=NetR21_1 Pin=U5-3
Added Net: Name=NetR21_1
Added Pin To Net: NetName=PA0 Pin=U2-58
Added Pin To Net: NetName=PA0 Pin=U3-40
Added Net: Name=PA0
Added Pin To Net: NetName=PA1 Pin=U2-57
Added Pin To Net: NetName=PA1 Pin=U3-41
Added Net: Name=PA1
Added Pin To Net: NetName=PA2 Pin=U2-55
Added Pin To Net: NetName=PA2 Pin=U3-42
Added Net: Name=PA2
Added Pin To Net: NetName=PA3 Pin=U2-53
Added Pin To Net: NetName=PA3 Pin=U3-43
Added Net: Name=PA3
Added Pin To Net: NetName=PA4 Pin=U2-52
Added Pin To Net: NetName=PA4 Pin=U3-44
Added Net: Name=PA4
Added Pin To Net: NetName=PA5 Pin=U2-51
Added Pin To Net: NetName=PA5 Pin=U3-45
Added Net: Name=PA5
Added Pin To Net: NetName=PA6 Pin=U2-50
Added Pin To Net: NetName=PA6 Pin=U3-46
Added Net: Name=PA6
Added Pin To Net: NetName=PA7 Pin=U2-49
Added Pin To Net: NetName=PA7 Pin=U3-47
Added Net: Name=PA7
Added Pin To Net: NetName=PB0 Pin=U2-71
Added Pin To Net: NetName=PB0 Pin=U3-25
Added Net: Name=PB0
Added Pin To Net: NetName=PB1 Pin=U2-70
Added Pin To Net: NetName=PB1 Pin=U3-26
Added Net: Name=PB1
Added Pin To Net: NetName=PB2 Pin=U2-69
Added Pin To Net: NetName=PB2 Pin=U3-27
Added Net: Name=PB2
Added Pin To Net: NetName=PB3 Pin=U2-68
Added Pin To Net: NetName=PB3 Pin=U3-28
Added Net: Name=PB3
Added Pin To Net: NetName=PB4 Pin=U2-67
Added Pin To Net: NetName=PB4 Pin=U3-29
Added Net: Name=PB4
Added Pin To Net: NetName=PB5 Pin=U2-66
Added Pin To Net: NetName=PB5 Pin=U3-30
Added Net: Name=PB5
Added Pin To Net: NetName=PB6 Pin=U2-63
Added Pin To Net: NetName=PB6 Pin=U3-31
Added Net: Name=PB6
Added Pin To Net: NetName=PB7 Pin=U2-62
Added Pin To Net: NetName=PB7 Pin=U3-32
Added Net: Name=PB7
Added Pin To Net: NetName=PD0 Pin=U2-48
Added Pin To Net: NetName=PD0 Pin=U3-52
Added Net: Name=PD0
Added Pin To Net: NetName=PD1 Pin=U2-45
Added Pin To Net: NetName=PD1 Pin=U3-53
Added Net: Name=PD1
Added Pin To Net: NetName=PD2 Pin=U2-44
Added Pin To Net: NetName=PD2 Pin=U3-54
Added Net: Name=PD2
Added Pin To Net: NetName=PD3 Pin=U2-43
Added Pin To Net: NetName=PD3 Pin=U3-55
Added Net: Name=PD3
Added Pin To Net: NetName=PD4 Pin=U2-42
Added Pin To Net: NetName=PD4 Pin=U3-56
Added Net: Name=PD4
Added Pin To Net: NetName=PD5 Pin=U2-41
Added Pin To Net: NetName=PD5 Pin=U3-1
Added Net: Name=PD5
Added Pin To Net: NetName=PD6 Pin=U2-40
Added Pin To Net: NetName=PD6 Pin=U3-2
Added Net: Name=PD6
Added Pin To Net: NetName=PD7 Pin=U2-39
Added Pin To Net: NetName=PD7 Pin=U3-3
Added Net: Name=PD7
Added Pin To Net: NetName=PORT1 Pin=D1-2
Added Pin To Net: NetName=PORT1 Pin=P1-1
Added Pin To Net: NetName=PORT1 Pin=U2-1
Added Net: Name=PORT1
Added Pin To Net: NetName=PORT2 Pin=D2-2
Added Pin To Net: NetName=PORT2 Pin=P1-2
Added Pin To Net: NetName=PORT2 Pin=U2-2
Added Net: Name=PORT2
Added Pin To Net: NetName=PORT3 Pin=D3-2
Added Pin To Net: NetName=PORT3 Pin=P1-3
Added Pin To Net: NetName=PORT3 Pin=U2-3
Added Net: Name=PORT3
Added Pin To Net: NetName=PORT4 Pin=D4-2
Added Pin To Net: NetName=PORT4 Pin=P1-4
Added Pin To Net: NetName=PORT4 Pin=U2-4
Added Net: Name=PORT4
Added Pin To Net: NetName=PORT5 Pin=P1-5
Added Pin To Net: NetName=PORT5 Pin=U2-5
Added Net: Name=PORT5
Added Pin To Net: NetName=PORT6 Pin=P1-6
Added Pin To Net: NetName=PORT6 Pin=U2-6
Added Net: Name=PORT6
Added Pin To Net: NetName=PORT7 Pin=P1-7
Added Pin To Net: NetName=PORT7 Pin=U2-7
Added Net: Name=PORT7
Added Pin To Net: NetName=PORT8 Pin=P1-8
Added Pin To Net: NetName=PORT8 Pin=U2-8
Added Net: Name=PORT8
Added Pin To Net: NetName=PORT9 Pin=P1-9
Added Pin To Net: NetName=PORT9 Pin=U2-11
Added Net: Name=PORT9
Added Pin To Net: NetName=PORT10 Pin=P1-10
Added Pin To Net: NetName=PORT10 Pin=U2-12
Added Net: Name=PORT10
Added Pin To Net: NetName=PORT11 Pin=P1-11
Added Pin To Net: NetName=PORT11 Pin=U2-13
Added Net: Name=PORT11
Added Pin To Net: NetName=PORT12 Pin=P1-12
Added Pin To Net: NetName=PORT12 Pin=U2-14
Added Net: Name=PORT12
Added Pin To Net: NetName=PORT13 Pin=P1-13
Added Pin To Net: NetName=PORT13 Pin=U2-15
Added Net: Name=PORT13
Added Pin To Net: NetName=PORT14 Pin=P1-14
Added Pin To Net: NetName=PORT14 Pin=U2-16
Added Net: Name=PORT14
Added Pin To Net: NetName=PORT15 Pin=P1-15
Added Pin To Net: NetName=PORT15 Pin=U2-21
Added Net: Name=PORT15
Added Pin To Net: NetName=PORT16 Pin=P1-16
Added Pin To Net: NetName=PORT16 Pin=U2-22
Added Net: Name=PORT16
Added Pin To Net: NetName=PORT17 Pin=P1-17
Added Pin To Net: NetName=PORT17 Pin=U2-23
Added Net: Name=PORT17
Added Pin To Net: NetName=PORT18 Pin=P1-18
Added Pin To Net: NetName=PORT18 Pin=U2-24
Added Net: Name=PORT18
Added Pin To Net: NetName=PORT19 Pin=P1-19
Added Pin To Net: NetName=PORT19 Pin=U2-27
Added Net: Name=PORT19
Added Pin To Net: NetName=PORT20 Pin=P1-20
Added Pin To Net: NetName=PORT20 Pin=U2-28
Added Net: Name=PORT20
Added Pin To Net: NetName=PORT21 Pin=P1-21
Added Pin To Net: NetName=PORT21 Pin=U2-29
Added Net: Name=PORT21
Added Pin To Net: NetName=PORT22 Pin=P1-22
Added Pin To Net: NetName=PORT22 Pin=U2-30
Added Net: Name=PORT22
Added Pin To Net: NetName=PORT23 Pin=P1-23
Added Pin To Net: NetName=PORT23 Pin=U2-31
Added Net: Name=PORT23
Added Pin To Net: NetName=PORT24 Pin=P1-24
Added Pin To Net: NetName=PORT24 Pin=U2-32
Added Net: Name=PORT24
Added Pin To Net: NetName=REFRESH Pin=J1-B19
Added Pin To Net: NetName=REFRESH Pin=U2-112
Added Net: Name=REFRESH
Added Pin To Net: NetName=RESET# Pin=C19-1
Added Pin To Net: NetName=RESET# Pin=R8-1
Added Pin To Net: NetName=RESET# Pin=S2-2
Added Pin To Net: NetName=RESET# Pin=S2-2
Added Pin To Net: NetName=RESET# Pin=U3-49
Added Net: Name=RESET#
Added Pin To Net: NetName=SA0 Pin=J1-A31
Added Pin To Net: NetName=SA0 Pin=U2-93
Added Net: Name=SA0
Added Pin To Net: NetName=SA1 Pin=J1-A30
Added Pin To Net: NetName=SA1 Pin=U2-94
Added Net: Name=SA1
Added Pin To Net: NetName=SA2 Pin=J1-A29
Added Pin To Net: NetName=SA2 Pin=U2-95
Added Net: Name=SA2
Added Pin To Net: NetName=SA3 Pin=J1-A28
Added Pin To Net: NetName=SA3 Pin=U2-96
Added Net: Name=SA3
Added Pin To Net: NetName=SA4 Pin=J1-A27
Added Pin To Net: NetName=SA4 Pin=U2-97
Added Net: Name=SA4
Added Pin To Net: NetName=SA5 Pin=J1-A26
Added Pin To Net: NetName=SA5 Pin=U2-98
Added Net: Name=SA5
Added Pin To Net: NetName=SA6 Pin=J1-A25
Added Pin To Net: NetName=SA6 Pin=U2-102
Added Net: Name=SA6
Added Pin To Net: NetName=SA7 Pin=J1-A24
Added Pin To Net: NetName=SA7 Pin=U2-104
Added Net: Name=SA7
Added Pin To Net: NetName=SA8 Pin=J1-A23
Added Pin To Net: NetName=SA8 Pin=U2-106
Added Net: Name=SA8
Added Pin To Net: NetName=SA9 Pin=J1-A22
Added Pin To Net: NetName=SA9 Pin=U2-108
Added Net: Name=SA9
Added Pin To Net: NetName=SA10 Pin=J1-A21
Added Pin To Net: NetName=SA10 Pin=U2-110
Added Net: Name=SA10
Added Pin To Net: NetName=SA11 Pin=J1-A20
Added Pin To Net: NetName=SA11 Pin=U2-111
Added Net: Name=SA11
Added Pin To Net: NetName=SA12 Pin=J1-A19
Added Pin To Net: NetName=SA12 Pin=U2-113
Added Net: Name=SA12
Added Pin To Net: NetName=SA13 Pin=J1-A18
Added Pin To Net: NetName=SA13 Pin=U2-114
Added Net: Name=SA13
Added Pin To Net: NetName=SA14 Pin=J1-A17
Added Pin To Net: NetName=SA14 Pin=U2-117
Added Net: Name=SA14
Added Pin To Net: NetName=SA15 Pin=J1-A16
Added Pin To Net: NetName=SA15 Pin=U2-118
Added Net: Name=SA15
Added Pin To Net: NetName=SA16 Pin=J1-A15
Added Pin To Net: NetName=SA16 Pin=U2-119
Added Net: Name=SA16
Added Pin To Net: NetName=SA17 Pin=J1-A14
Added Pin To Net: NetName=SA17 Pin=U2-121
Added Net: Name=SA17
Added Pin To Net: NetName=SA18 Pin=J1-A13
Added Pin To Net: NetName=SA18 Pin=U2-123
Added Net: Name=SA18
Added Pin To Net: NetName=SA19 Pin=J1-A12
Added Pin To Net: NetName=SA19 Pin=U2-125
Added Net: Name=SA19
Added Pin To Net: NetName=SBHE Pin=J2-D1
Added Pin To Net: NetName=SBHE Pin=U2-87
Added Net: Name=SBHE
Added Pin To Net: NetName=SCL Pin=R12-2
Added Pin To Net: NetName=SCL Pin=U3-22
Added Pin To Net: NetName=SCL Pin=U4-6
Added Net: Name=SCL
Added Pin To Net: NetName=SD0 Pin=J1-A9
Added Pin To Net: NetName=SD0 Pin=U2-131
Added Net: Name=SD0
Added Pin To Net: NetName=SD1 Pin=J1-A8
Added Pin To Net: NetName=SD1 Pin=U2-133
Added Net: Name=SD1
Added Pin To Net: NetName=SD2 Pin=J1-A7
Added Pin To Net: NetName=SD2 Pin=U2-134
Added Net: Name=SD2
Added Pin To Net: NetName=SD3 Pin=J1-A6
Added Pin To Net: NetName=SD3 Pin=U2-137
Added Net: Name=SD3
Added Pin To Net: NetName=SD4 Pin=J1-A5
Added Pin To Net: NetName=SD4 Pin=U2-138
Added Net: Name=SD4
Added Pin To Net: NetName=SD5 Pin=J1-A4
Added Pin To Net: NetName=SD5 Pin=U2-139
Added Net: Name=SD5
Added Pin To Net: NetName=SD6 Pin=J1-A3
Added Pin To Net: NetName=SD6 Pin=U2-141
Added Net: Name=SD6
Added Pin To Net: NetName=SD7 Pin=J1-A2
Added Pin To Net: NetName=SD7 Pin=U2-143
Added Net: Name=SD7
Added Pin To Net: NetName=SD8 Pin=J2-D11
Added Pin To Net: NetName=SD8 Pin=U2-81
Added Net: Name=SD8
Added Pin To Net: NetName=SD9 Pin=J2-D12
Added Pin To Net: NetName=SD9 Pin=U2-80
Added Net: Name=SD9
Added Pin To Net: NetName=SD10 Pin=J2-D13
Added Pin To Net: NetName=SD10 Pin=U2-79
Added Net: Name=SD10
Added Pin To Net: NetName=SD11 Pin=J2-D14
Added Pin To Net: NetName=SD11 Pin=U2-78
Added Net: Name=SD11
Added Pin To Net: NetName=SD12 Pin=J2-D15
Added Pin To Net: NetName=SD12 Pin=U2-77
Added Net: Name=SD12
Added Pin To Net: NetName=SD13 Pin=J2-D16
Added Pin To Net: NetName=SD13 Pin=U2-76
Added Net: Name=SD13
Added Pin To Net: NetName=SD14 Pin=J2-D17
Added Pin To Net: NetName=SD14 Pin=U2-75
Added Net: Name=SD14
Added Pin To Net: NetName=SD15 Pin=J2-D18
Added Pin To Net: NetName=SD15 Pin=U2-74
Added Net: Name=SD15
Added Pin To Net: NetName=SDA Pin=R13-2
Added Pin To Net: NetName=SDA Pin=U3-23
Added Pin To Net: NetName=SDA Pin=U4-5
Added Net: Name=SDA
Added Pin To Net: NetName=SHELD Pin=C11-1
Added Pin To Net: NetName=SHELD Pin=R1-2
Added Pin To Net: NetName=SHELD Pin=USB1-0
Added Pin To Net: NetName=SHELD Pin=USB1-0
Added Net: Name=SHELD
Added Pin To Net: NetName=SLRD Pin=U2-38
Added Pin To Net: NetName=SLRD Pin=U3-8
Added Net: Name=SLRD
Added Pin To Net: NetName=SLWR Pin=U2-37
Added Pin To Net: NetName=SLWR Pin=U3-9
Added Net: Name=SLWR
Added Pin To Net: NetName=SMEMR Pin=J1-B12
Added Pin To Net: NetName=SMEMR Pin=U2-124
Added Net: Name=SMEMR
Added Pin To Net: NetName=SMEMW Pin=J1-B11
Added Pin To Net: NetName=SMEMW Pin=U2-127
Added Net: Name=SMEMW
Added Pin To Net: NetName=SRDY Pin=J1-B8
Added Pin To Net: NetName=SRDY Pin=U2-132
Added Net: Name=SRDY
Added Pin To Net: NetName=USB5V Pin=C13-1
Added Pin To Net: NetName=USB5V Pin=C15-1
Added Pin To Net: NetName=USB5V Pin=P2-2
Added Pin To Net: NetName=USB5V Pin=R6-2
Added Pin To Net: NetName=USB5V Pin=U1-3
Added Pin To Net: NetName=USB5V Pin=USB1-1
Added Net: Name=USB5V
Added Pin To Net: NetName=USB+ Pin=U3-15
Added Pin To Net: NetName=USB+ Pin=USB1-3
Added Net: Name=USB+
Added Pin To Net: NetName=USB- Pin=U3-16
Added Pin To Net: NetName=USB- Pin=USB1-2
Added Net: Name=USB-
Added Pin To Net: NetName=USBGND Pin=Ind1-1
Added Pin To Net: NetName=USBGND Pin=USB1-4
Added Net: Name=USBGND
Added Pin To Net: NetName=VCC3.3 Pin=C1-2
Added Pin To Net: NetName=VCC3.3 Pin=C2-2
Added Pin To Net: NetName=VCC3.3 Pin=C3-2
Added Pin To Net: NetName=VCC3.3 Pin=C4-2
Added Pin To Net: NetName=VCC3.3 Pin=C5-2
Added Pin To Net: NetName=VCC3.3 Pin=C6-2
Added Pin To Net: NetName=VCC3.3 Pin=C7-2
Added Pin To Net: NetName=VCC3.3 Pin=C8-2
Added Pin To Net: NetName=VCC3.3 Pin=C9-2
Added Pin To Net: NetName=VCC3.3 Pin=C10-2
Added Pin To Net: NetName=VCC3.3 Pin=C12-1
Added Pin To Net: NetName=VCC3.3 Pin=C14-1
Added Pin To Net: NetName=VCC3.3 Pin=C21-2
Added Pin To Net: NetName=VCC3.3 Pin=C22-2
Added Pin To Net: NetName=VCC3.3 Pin=C23-2
Added Pin To Net: NetName=VCC3.3 Pin=C24-2
Added Pin To Net: NetName=VCC3.3 Pin=C25-2
Added Pin To Net: NetName=VCC3.3 Pin=C26-2
Added Pin To Net: NetName=VCC3.3 Pin=C27-2
Added Pin To Net: NetName=VCC3.3 Pin=Ind2-1
Added Pin To Net: NetName=VCC3.3 Pin=P1-25
Added Pin To Net: NetName=VCC3.3 Pin=P3-4
Added Pin To Net: NetName=VCC3.3 Pin=R7-2
Added Pin To Net: NetName=VCC3.3 Pin=R8-2
Added Pin To Net: NetName=VCC3.3 Pin=R10-2
Added Pin To Net: NetName=VCC3.3 Pin=R12-1
Added Pin To Net: NetName=VCC3.3 Pin=R13-1
Added Pin To Net: NetName=VCC3.3 Pin=R14-2
Added Pin To Net: NetName=VCC3.3 Pin=R15-2
Added Pin To Net: NetName=VCC3.3 Pin=R16-2
Added Pin To Net: NetName=VCC3.3 Pin=R17-2
Added Pin To Net: NetName=VCC3.3 Pin=R18-2
Added Pin To Net: NetName=VCC3.3 Pin=R20-1
Added Pin To Net: NetName=VCC3.3 Pin=U1-2
Added Pin To Net: NetName=VCC3.3 Pin=U2-9
Added Pin To Net: NetName=VCC3.3 Pin=U2-19
Added Pin To Net: NetName=VCC3.3 Pin=U2-25
Added Pin To Net: NetName=VCC3.3 Pin=U2-46
Added Pin To Net: NetName=VCC3.3 Pin=U2-56
Added Pin To Net: NetName=VCC3.3 Pin=U2-64
Added Pin To Net: NetName=VCC3.3 Pin=U2-82
Added Pin To Net: NetName=VCC3.3 Pin=U2-90
Added Pin To Net: NetName=VCC3.3 Pin=U2-100
Added Pin To Net: NetName=VCC3.3 Pin=U2-116
Added Pin To Net: NetName=VCC3.3 Pin=U2-126
Added Pin To Net: NetName=VCC3.3 Pin=U2-136
Added Pin To Net: NetName=VCC3.3 Pin=U3-6
Added Pin To Net: NetName=VCC3.3 Pin=U3-18
Added Pin To Net: NetName=VCC3.3 Pin=U3-24
Added Pin To Net: NetName=VCC3.3 Pin=U3-34
Added Pin To Net: NetName=VCC3.3 Pin=U3-39
Added Pin To Net: NetName=VCC3.3 Pin=U3-50
Added Pin To Net: NetName=VCC3.3 Pin=U4-8
Added Pin To Net: NetName=VCC3.3 Pin=U5-4
Added Net: Name=VCC3.3
Added Pin To Net: NetName=WAKEUP Pin=C18-1
Added Pin To Net: NetName=WAKEUP Pin=R7-1
Added Pin To Net: NetName=WAKEUP Pin=S1-2
Added Pin To Net: NetName=WAKEUP Pin=S1-2
Added Pin To Net: NetName=WAKEUP Pin=U3-51
Added Net: Name=WAKEUP
Added Class: Name=PC-104 16 bit bus
Added Room: Name=PC-104 16 bit bus
