Change Component Designator: Old Designator=C4 New Designator=C1
Change Component Designator: Old Designator=C5 New Designator=C2
Change Component Designator: Old Designator=C6 New Designator=C3
Change Component Designator: Old Designator=C7 New Designator=C4
Change Component Designator: Old Designator=C8 New Designator=C5
Change Component Designator: Old Designator=C9 New Designator=C6
Change Component Designator: Old Designator=C10 New Designator=C7
Change Component Designator: Old Designator=C11 New Designator=C8
Change Component Designator: Old Designator=C12 New Designator=C9
Change Component Designator: Old Designator=C13 New Designator=C10
Change Component Designator: Old Designator=C14 New Designator=C11
Change Component Designator: Old Designator=C15 New Designator=C16
Change Component Designator: Old Designator=C16 New Designator=C17
Change Component Designator: Old Designator=C17 New Designator=C12
Change Component Designator: Old Designator=C18 New Designator=C13
Change Component Designator: Old Designator=C19 New Designator=C14
Change Component Designator: Old Designator=C20 New Designator=C15
Change Component Designator: Old Designator=C21 New Designator=C18
Change Component Designator: Old Designator=C22 New Designator=C19
Change Component Designator: Old Designator=C23 New Designator=C20
Change Component Designator: Old Designator=C24 New Designator=C28
Change Component Designator: Old Designator=C25 New Designator=C21
Change Component Designator: Old Designator=C26 New Designator=C22
Change Component Designator: Old Designator=C27 New Designator=C23
Change Component Designator: Old Designator=C28 New Designator=C24
Change Component Designator: Old Designator=C29 New Designator=C25
Change Component Designator: Old Designator=C30 New Designator=C26
Change Component Designator: Old Designator=C31 New Designator=C27
Change Component Designator: Old Designator=C211 New Designator=C29
Change Component Designator: Old Designator=C222 New Designator=C30
Change Component Designator: Old Designator=D7 New Designator=D5
Change Component Designator: Old Designator=Ind3 New Designator=Ind2
Change Component Designator: Old Designator=Ind4 New Designator=Ind3
Change Component Designator: Old Designator=J? New Designator=J2
Change Component Designator: Old Designator=J? New Designator=J3
Change Component Designator: Old Designator=P4 New Designator=P3
Change Component Designator: Old Designator=P? New Designator=P1
Change Component Designator: Old Designator=P? New Designator=P2
Change Component Designator: Old Designator=R1 New Designator=R2
Change Component Designator: Old Designator=R2 New Designator=R3
Change Component Designator: Old Designator=R3 New Designator=R4
Change Component Designator: Old Designator=R4 New Designator=R5
Change Component Designator: Old Designator=R7 New Designator=R1
Change Component Designator: Old Designator=R8 New Designator=R6
Change Component Designator: Old Designator=R10 New Designator=R7
Change Component Designator: Old Designator=R11 New Designator=R8
Change Component Designator: Old Designator=R14 New Designator=R10
Change Component Designator: Old Designator=R15 New Designator=R11
Change Component Designator: Old Designator=R101 New Designator=R14
Change Component Designator: Old Designator=R112 New Designator=R15
Change Component Designator: Old Designator=S11 New Designator=S3
Change Component Designator: Old Designator=S22 New Designator=S4
Change Component Designator: Old Designator=U3 New Designator=U1
Change Component Designator: Old Designator=U4 New Designator=U3
Change Component Designator: Old Designator=U5 New Designator=U4
Change Component Designator: Old Designator=U6 New Designator=U5
